<?xml version="1.0" encoding="UTF-8"?>
<!-- Generated by org.testng.reporters.JUnitReportReporter -->
<testsuite skipped="0" hostname="DELL-PC" name="Login_Tests.Add_User_Test" tests="1" failures="0" timestamp="01 Jul 2019 17:47:46 GMT" time="0.001" errors="0">
  <testcase name="Add_Business_User_Test" time="0.001" classname="Login_Tests.Add_User_Test"/>
</testsuite> <!-- Login_Tests.Add_User_Test -->
