<?xml version="1.0" encoding="UTF-8"?>
<!-- Generated by org.testng.reporters.JUnitReportReporter -->
<testsuite name="Login_Tests.Login_Test" tests="2" time="8.945" ignored="0" failures="0" timestamp="04 Jul 2019 05:59:59 GMT" skipped="0" hostname="BBMDVPANKAJGUP.local" errors="0">
  <testcase name="InvalidLoginToHomePage" time="0.003" classname="Login_Tests.Login_Test"/>
  <testcase name="LoginToHomePage" time="8.942" classname="Login_Tests.Login_Test"/>
</testsuite> <!-- Login_Tests.Login_Test -->
