<?xml version="1.0" encoding="UTF-8"?>
<!-- Generated by org.testng.reporters.JUnitReportReporter -->
<testsuite name="Login_Tests.Add_User_Test" tests="1" time="0.001" ignored="2" failures="0" timestamp="03 Jul 2019 06:59:16 GMT" skipped="0" hostname="BBMDVPANKAJGUP.local" errors="0">
  <testcase name="Add_Business_User_Test" time="0.001" classname="Login_Tests.Add_User_Test"/>
  <testcase name="postConditoin" classname="Test_Base.TestBase">
    <skipped/>
  </testcase> <!-- postConditoin -->
  <testcase name="preCondition" classname="Test_Base.TestBase">
    <skipped/>
  </testcase> <!-- preCondition -->
</testsuite> <!-- Login_Tests.Add_User_Test -->
