<?xml version="1.0" encoding="UTF-8"?>
<!-- Generated by org.testng.reporters.JUnitReportReporter -->
<testsuite name="Login_Tests.Login_Test" tests="2" time="9.123" ignored="0" failures="0" timestamp="02 Jul 2019 13:31:23 GMT" skipped="0" hostname="BBMDVPANKAJGUP.local" errors="0">
  <testcase name="LoginToHomePage" time="9.118" classname="Login_Tests.Login_Test"/>
  <testcase name="InvalidLoginToHomePage" time="0.005" classname="Login_Tests.Login_Test"/>
</testsuite> <!-- Login_Tests.Login_Test -->
