<?xml version="1.0" encoding="UTF-8"?>
<!-- Generated by org.testng.reporters.JUnitReportReporter -->
<testsuite skipped="0" hostname="DELL-PC" name="Login_Tests.Login_Test" tests="2" failures="0" timestamp="01 Jul 2019 17:47:46 GMT" time="1.541" errors="0">
  <testcase name="InvalidLoginToHomePage" time="0.005" classname="Login_Tests.Login_Test"/>
  <testcase name="LoginToHomePage" time="1.536" classname="Login_Tests.Login_Test"/>
</testsuite> <!-- Login_Tests.Login_Test -->
